<?xml version="1.0" encoding="UTF-8"?>
<!-- Generated by org.testng.reporters.JUnitXMLReporter -->
<testsuite ignored="0" hostname="arun" failures="0" tests="15" name="Capstone Tests" time="119.877" errors="0" timestamp="2024-11-25T15:15:56 IST">
  <testcase classname="tests.LoginPageTest" name="testLogin" time="1.928"/>
  <testcase classname="tests.LoginPageTest" name="testLogin" time="6.607"/>
  <testcase classname="tests.LoginPageTest" name="testLogin" time="7.139"/>
  <testcase classname="tests.LoginPageTest" name="testLogin" time="6.483"/>
  <testcase classname="tests.LoginPageTest" name="testForgotPassword" time="1.566"/>
  <testcase classname="tests.LoginPageTest" name="testNavigateToRegisterPage" time="0.764"/>
  <testcase classname="tests.HotelBookingTest" name="testHotelBookingWorkflow" time="4.792"/>
  <testcase classname="tests.SearchHotelPageTest" name="testSearchWithProperData" time="2.526"/>
  <testcase classname="tests.SearchHotelPageTest" name="testSearchWithRequiredFieldsOnly" time="3.763"/>
  <testcase classname="tests.SearchHotelPageTest" name="testSearchWithInterchangedDates" time="1.94"/>
  <testcase classname="tests.SearchHotelPageTest" name="testSearchWithEmptyRequiredFields" time="1.075"/>
  <testcase classname="tests.SearchHotelPageTest" name="testLinksOnSearchHotelPage" time="10.864"/>
  <testcase classname="tests.SelectHotelPageTest" name="testSelectHotelOptions" time="29.273"/>
  <testcase classname="tests.BookHotelPageTest" name="testBookHotel" time="2.782"/>
  <testcase classname="tests.BookHotelPageTest" name="testBookHotel" time="2.126"/>
</testsuite> <!-- Capstone Tests -->
