<?xml version="1.0" encoding="UTF-8"?>
<!-- Generated by org.testng.reporters.JUnitXMLReporter -->
<testsuite ignored="0" hostname="arun" failures="0" tests="15" name="Capstone Tests" time="106.882" errors="0" timestamp="2024-11-25T12:31:07 IST">
  <testcase classname="tests.LoginPageTest" name="testLogin" time="1.838"/>
  <testcase classname="tests.LoginPageTest" name="testLogin" time="6.911"/>
  <testcase classname="tests.LoginPageTest" name="testLogin" time="6.534"/>
  <testcase classname="tests.LoginPageTest" name="testLogin" time="6.781"/>
  <testcase classname="tests.LoginPageTest" name="testForgotPassword" time="1.175"/>
  <testcase classname="tests.LoginPageTest" name="testNavigateToRegisterPage" time="0.87"/>
  <testcase classname="tests.HotelBookingTest" name="testHotelBookingWorkflow" time="4.239"/>
  <testcase classname="tests.SearchHotelPageTest" name="testSearchWithProperData" time="2.089"/>
  <testcase classname="tests.SearchHotelPageTest" name="testSearchWithRequiredFieldsOnly" time="1.353"/>
  <testcase classname="tests.SearchHotelPageTest" name="testSearchWithInterchangedDates" time="1.732"/>
  <testcase classname="tests.SearchHotelPageTest" name="testSearchWithEmptyRequiredFields" time="0.451"/>
  <testcase classname="tests.SearchHotelPageTest" name="testLinksOnSearchHotelPage" time="5.886"/>
  <testcase classname="tests.SelectHotelPageTest" name="testSelectHotelOptions" time="29.106"/>
  <testcase classname="tests.BookHotelPageTest" name="testBookHotel" time="1.346"/>
  <testcase classname="tests.BookHotelPageTest" name="testBookHotel" time="1.262"/>
</testsuite> <!-- Capstone Tests -->
