<?xml version="1.0" encoding="UTF-8"?>
<testng-results ignored="0" total="15" passed="15" failed="0" skipped="0">
  <reporter-output>
  </reporter-output>
  <suite started-at="2024-11-25T15:13:56 IST" name="Capstone Suite" finished-at="2024-11-25T15:15:56 IST" duration-ms="119877">
    <groups>
    </groups>
    <test started-at="2024-11-25T15:13:56 IST" name="Capstone Tests" finished-at="2024-11-25T15:15:56 IST" duration-ms="119877">
      <class name="tests.HotelBookingTest">
        <test-method is-config="true" signature="setUp()[pri:0, instance:tests.HotelBookingTest@6e0dec4a]" started-at="2024-11-25T15:14:27 IST" name="setUp" finished-at="2024-11-25T15:14:31 IST" duration-ms="3194" status="PASS">
          <reporter-output>
          </reporter-output>
        </test-method> <!-- setUp -->
        <test-method signature="testHotelBookingWorkflow()[pri:0, instance:tests.HotelBookingTest@6e0dec4a]" started-at="2024-11-25T15:14:31 IST" name="testHotelBookingWorkflow" finished-at="2024-11-25T15:14:35 IST" duration-ms="4792" status="PASS">
          <reporter-output>
          </reporter-output>
        </test-method> <!-- testHotelBookingWorkflow -->
      </class> <!-- tests.HotelBookingTest -->
      <class name="tests.BookHotelPageTest">
        <test-method is-config="true" signature="setup()[pri:0, instance:tests.BookHotelPageTest@1ed1993a]" started-at="2024-11-25T15:15:42 IST" name="setup" finished-at="2024-11-25T15:15:51 IST" duration-ms="8627" status="PASS">
          <reporter-output>
          </reporter-output>
        </test-method> <!-- setup -->
        <test-method signature="testBookHotel(java.lang.String,java.lang.String,java.lang.String,java.lang.String,java.lang.String,java.lang.String,java.lang.String,java.lang.String,java.lang.String)[pri:0, instance:tests.BookHotelPageTest@1ed1993a]" started-at="2024-11-25T15:15:51 IST" name="testBookHotel" data-provider="bookingData" finished-at="2024-11-25T15:15:54 IST" duration-ms="2782" status="PASS">
          <params>
            <param index="0">
              <value>
                <![CDATA[2.0]]>
              </value>
            </param>
            <param index="1">
              <value>
                <![CDATA[2.0]]>
              </value>
            </param>
            <param index="2">
              <value>
                <![CDATA[2.0]]>
              </value>
            </param>
            <param index="3">
              <value>
                <![CDATA[2.222222222E9]]>
              </value>
            </param>
            <param index="4">
              <value>
                <![CDATA[Visa]]>
              </value>
            </param>
            <param index="5">
              <value>
                <![CDATA[December]]>
              </value>
            </param>
            <param index="6">
              <value>
                <![CDATA[2026.0]]>
              </value>
            </param>
            <param index="7">
              <value>
                <![CDATA[2.0]]>
              </value>
            </param>
            <param index="8">
              <value>
                <![CDATA[Fail]]>
              </value>
            </param>
          </params>
          <reporter-output>
          </reporter-output>
        </test-method> <!-- testBookHotel -->
        <test-method signature="testBookHotel(java.lang.String,java.lang.String,java.lang.String,java.lang.String,java.lang.String,java.lang.String,java.lang.String,java.lang.String,java.lang.String)[pri:0, instance:tests.BookHotelPageTest@1ed1993a]" started-at="2024-11-25T15:15:54 IST" name="testBookHotel" data-provider="bookingData" finished-at="2024-11-25T15:15:56 IST" duration-ms="2126" status="PASS">
          <params>
            <param index="0">
              <value>
                <![CDATA[Arunkumar]]>
              </value>
            </param>
            <param index="1">
              <value>
                <![CDATA[T]]>
              </value>
            </param>
            <param index="2">
              <value>
                <![CDATA[Any address]]>
              </value>
            </param>
            <param index="3">
              <value>
                <![CDATA[1.11111111111111E15]]>
              </value>
            </param>
            <param index="4">
              <value>
                <![CDATA[Master Card]]>
              </value>
            </param>
            <param index="5">
              <value>
                <![CDATA[August]]>
              </value>
            </param>
            <param index="6">
              <value>
                <![CDATA[2028.0]]>
              </value>
            </param>
            <param index="7">
              <value>
                <![CDATA[123.0]]>
              </value>
            </param>
            <param index="8">
              <value>
                <![CDATA[Pass]]>
              </value>
            </param>
          </params>
          <reporter-output>
          </reporter-output>
        </test-method> <!-- testBookHotel -->
      </class> <!-- tests.BookHotelPageTest -->
      <class name="tests.SelectHotelPageTest">
        <test-method is-config="true" signature="setup()[pri:0, instance:tests.SelectHotelPageTest@5ccddd20]" started-at="2024-11-25T15:15:03 IST" name="setup" finished-at="2024-11-25T15:15:11 IST" duration-ms="8681" status="PASS">
          <reporter-output>
          </reporter-output>
        </test-method> <!-- setup -->
        <test-method signature="testSelectHotelOptions()[pri:1, instance:tests.SelectHotelPageTest@5ccddd20]" started-at="2024-11-25T15:15:11 IST" name="testSelectHotelOptions" finished-at="2024-11-25T15:15:41 IST" duration-ms="29273" status="PASS">
          <reporter-output>
          </reporter-output>
        </test-method> <!-- testSelectHotelOptions -->
        <test-method is-config="true" signature="teardown()[pri:0, instance:tests.SelectHotelPageTest@5ccddd20]" started-at="2024-11-25T15:15:41 IST" name="teardown" finished-at="2024-11-25T15:15:42 IST" duration-ms="1491" status="PASS">
          <reporter-output>
          </reporter-output>
        </test-method> <!-- teardown -->
      </class> <!-- tests.SelectHotelPageTest -->
      <class name="tests.SearchHotelPageTest">
        <test-method is-config="true" signature="setup()[pri:0, instance:tests.SearchHotelPageTest@96def03]" started-at="2024-11-25T15:14:35 IST" name="setup" finished-at="2024-11-25T15:14:42 IST" duration-ms="6492" status="PASS">
          <reporter-output>
          </reporter-output>
        </test-method> <!-- setup -->
        <test-method signature="testSearchWithProperData()[pri:1, instance:tests.SearchHotelPageTest@96def03]" started-at="2024-11-25T15:14:42 IST" name="testSearchWithProperData" finished-at="2024-11-25T15:14:44 IST" duration-ms="2526" status="PASS">
          <reporter-output>
          </reporter-output>
        </test-method> <!-- testSearchWithProperData -->
        <test-method signature="testSearchWithRequiredFieldsOnly()[pri:2, instance:tests.SearchHotelPageTest@96def03]" started-at="2024-11-25T15:14:44 IST" name="testSearchWithRequiredFieldsOnly" finished-at="2024-11-25T15:14:48 IST" duration-ms="3763" status="PASS">
          <reporter-output>
          </reporter-output>
        </test-method> <!-- testSearchWithRequiredFieldsOnly -->
        <test-method signature="testSearchWithInterchangedDates()[pri:3, instance:tests.SearchHotelPageTest@96def03]" started-at="2024-11-25T15:14:48 IST" name="testSearchWithInterchangedDates" finished-at="2024-11-25T15:14:50 IST" duration-ms="1940" status="PASS">
          <reporter-output>
          </reporter-output>
        </test-method> <!-- testSearchWithInterchangedDates -->
        <test-method signature="testSearchWithEmptyRequiredFields()[pri:4, instance:tests.SearchHotelPageTest@96def03]" started-at="2024-11-25T15:14:50 IST" name="testSearchWithEmptyRequiredFields" finished-at="2024-11-25T15:14:51 IST" duration-ms="1075" status="PASS">
          <reporter-output>
          </reporter-output>
        </test-method> <!-- testSearchWithEmptyRequiredFields -->
        <test-method signature="testLinksOnSearchHotelPage()[pri:5, instance:tests.SearchHotelPageTest@96def03]" started-at="2024-11-25T15:14:51 IST" name="testLinksOnSearchHotelPage" finished-at="2024-11-25T15:15:02 IST" duration-ms="10864" status="PASS">
          <reporter-output>
          </reporter-output>
        </test-method> <!-- testLinksOnSearchHotelPage -->
        <test-method is-config="true" signature="teardown()[pri:0, instance:tests.SearchHotelPageTest@96def03]" started-at="2024-11-25T15:15:02 IST" name="teardown" finished-at="2024-11-25T15:15:03 IST" duration-ms="564" status="PASS">
          <reporter-output>
          </reporter-output>
        </test-method> <!-- teardown -->
      </class> <!-- tests.SearchHotelPageTest -->
      <class name="tests.LoginPageTest">
        <test-method is-config="true" signature="setup()[pri:0, instance:tests.LoginPageTest@4313f5bc]" started-at="2024-11-25T15:13:56 IST" name="setup" finished-at="2024-11-25T15:13:59 IST" duration-ms="3560" status="PASS">
          <reporter-output>
          </reporter-output>
        </test-method> <!-- setup -->
        <test-method signature="testLogin(java.lang.String,java.lang.String)[pri:1, instance:tests.LoginPageTest@4313f5bc]" started-at="2024-11-25T15:14:02 IST" name="testLogin" data-provider="loginData" finished-at="2024-11-25T15:14:04 IST" duration-ms="1928" status="PASS">
          <params>
            <param index="0">
              <value>
                <![CDATA[arunkumart315615]]>
              </value>
            </param>
            <param index="1">
              <value>
                <![CDATA[Arun@2000]]>
              </value>
            </param>
          </params>
          <reporter-output>
          </reporter-output>
        </test-method> <!-- testLogin -->
        <test-method signature="testLogin(java.lang.String,java.lang.String)[pri:1, instance:tests.LoginPageTest@4313f5bc]" started-at="2024-11-25T15:14:04 IST" name="testLogin" data-provider="loginData" finished-at="2024-11-25T15:14:11 IST" duration-ms="6607" status="PASS">
          <params>
            <param index="0">
              <value>
                <![CDATA[Arun315615]]>
              </value>
            </param>
            <param index="1">
              <value>
                <![CDATA[Arun@2000]]>
              </value>
            </param>
          </params>
          <reporter-output>
          </reporter-output>
        </test-method> <!-- testLogin -->
        <test-method signature="testLogin(java.lang.String,java.lang.String)[pri:1, instance:tests.LoginPageTest@4313f5bc]" started-at="2024-11-25T15:14:11 IST" name="testLogin" data-provider="loginData" finished-at="2024-11-25T15:14:18 IST" duration-ms="7139" status="PASS">
          <params>
            <param index="0">
              <value>
                <![CDATA[arunkumart315615]]>
              </value>
            </param>
            <param index="1">
              <value>
                <![CDATA[Arun@2010]]>
              </value>
            </param>
          </params>
          <reporter-output>
          </reporter-output>
        </test-method> <!-- testLogin -->
        <test-method signature="testLogin(java.lang.String,java.lang.String)[pri:1, instance:tests.LoginPageTest@4313f5bc]" started-at="2024-11-25T15:14:18 IST" name="testLogin" data-provider="loginData" finished-at="2024-11-25T15:14:24 IST" duration-ms="6483" status="PASS">
          <params>
            <param index="0">
              <value>
                <![CDATA[Arun315615]]>
              </value>
            </param>
            <param index="1">
              <value>
                <![CDATA[Arun@2010]]>
              </value>
            </param>
          </params>
          <reporter-output>
          </reporter-output>
        </test-method> <!-- testLogin -->
        <test-method signature="testForgotPassword()[pri:2, instance:tests.LoginPageTest@4313f5bc]" started-at="2024-11-25T15:14:24 IST" name="testForgotPassword" finished-at="2024-11-25T15:14:26 IST" duration-ms="1566" status="PASS">
          <reporter-output>
          </reporter-output>
        </test-method> <!-- testForgotPassword -->
        <test-method signature="testNavigateToRegisterPage()[pri:3, instance:tests.LoginPageTest@4313f5bc]" started-at="2024-11-25T15:14:26 IST" name="testNavigateToRegisterPage" finished-at="2024-11-25T15:14:27 IST" duration-ms="764" status="PASS">
          <reporter-output>
          </reporter-output>
        </test-method> <!-- testNavigateToRegisterPage -->
        <test-method is-config="true" signature="teardown()[pri:0, instance:tests.LoginPageTest@4313f5bc]" started-at="2024-11-25T15:14:27 IST" name="teardown" finished-at="2024-11-25T15:14:27 IST" duration-ms="623" status="PASS">
          <reporter-output>
          </reporter-output>
        </test-method> <!-- teardown -->
      </class> <!-- tests.LoginPageTest -->
    </test> <!-- Capstone Tests -->
  </suite> <!-- Capstone Suite -->
</testng-results>
