<?xml version="1.0" encoding="UTF-8"?>
<testsuite xmlns:xsi="http://www.w3.org/2001/XMLSchema-instance" xsi:noNamespaceSchemaLocation="https://maven.apache.org/surefire/maven-surefire-plugin/xsd/surefire-test-report.xsd" version="3.0.2" name="TestSuite" time="107.715" tests="15" errors="0" skipped="0" failures="0">
  <properties>
[...]
</properties>
  <testcase name="testLogin[arunkumart315615, Arun@2000](1)" classname="tests.LoginPageTest" time="1.834">
    <system-out><![CDATA[[TestNGContentHandler] [WARN] It is strongly recommended to add "<!DOCTYPE suite SYSTEM "https://testng.org/testng-1.0.dtd" >" at the top of the suite file [E:\javaProgramming\capstone\testng.xml] otherwise TestNG may fail or not work as expected.
Login Successful for user: arunkumart315615
]]></system-out>
    <system-err><![CDATA[Starting ChromeDriver 131.0.6778.85 (3d81e41b6f3ac8bcae63b32e8145c9eb0cd60a2d-refs/branch-heads/6778@{#2285}) on port 48565
Only local connections are allowed.
Please see https://chromedriver.chromium.org/security-considerations for suggestions on keeping ChromeDriver safe.
ChromeDriver was started successfully on port 48565.
Nov 25, 2024 12:29:24 PM org.openqa.selenium.remote.ProtocolHandshake createSession
INFO: Detected dialect: W3C
]]></system-err>
  </testcase>
  <testcase name="testLogin[Arun315615, Arun@2000](2)" classname="tests.LoginPageTest" time="6.906">
    <system-out><![CDATA[Login Failed for user: Arun315615
]]></system-out>
  </testcase>
  <testcase name="testLogin[arunkumart315615, Arun@2010](3)" classname="tests.LoginPageTest" time="6.532">
    <system-out><![CDATA[Login Failed for user: arunkumart315615
]]></system-out>
  </testcase>
  <testcase name="testLogin[Arun315615, Arun@2010](4)" classname="tests.LoginPageTest" time="6.78">
    <system-out><![CDATA[Login Failed for user: Arun315615
]]></system-out>
  </testcase>
  <testcase name="testForgotPassword" classname="tests.LoginPageTest" time="1.175">
    <system-out><![CDATA[Successfully navigated to Forgot Password page.
]]></system-out>
  </testcase>
  <testcase name="testNavigateToRegisterPage" classname="tests.LoginPageTest" time="0.871">
    <system-out><![CDATA[Navigated to the Register page successfully.
]]></system-out>
  </testcase>
  <testcase name="testHotelBookingWorkflow" classname="tests.HotelBookingTest" time="4.238">
    <system-err><![CDATA[Starting ChromeDriver 131.0.6778.85 (3d81e41b6f3ac8bcae63b32e8145c9eb0cd60a2d-refs/branch-heads/6778@{#2285}) on port 41495
Only local connections are allowed.
Please see https://chromedriver.chromium.org/security-considerations for suggestions on keeping ChromeDriver safe.
ChromeDriver was started successfully on port 41495.
Nov 25, 2024 12:29:57 PM org.openqa.selenium.remote.ProtocolHandshake createSession
INFO: Detected dialect: W3C
]]></system-err>
  </testcase>
  <testcase name="testSearchWithProperData" classname="tests.SearchHotelPageTest" time="2.089">
    <system-err><![CDATA[Starting ChromeDriver 131.0.6778.85 (3d81e41b6f3ac8bcae63b32e8145c9eb0cd60a2d-refs/branch-heads/6778@{#2285}) on port 6337
Only local connections are allowed.
Please see https://chromedriver.chromium.org/security-considerations for suggestions on keeping ChromeDriver safe.
ChromeDriver was started successfully on port 6337.
Nov 25, 2024 12:30:04 PM org.openqa.selenium.remote.ProtocolHandshake createSession
INFO: Detected dialect: W3C
]]></system-err>
  </testcase>
  <testcase name="testSearchWithRequiredFieldsOnly" classname="tests.SearchHotelPageTest" time="1.353"/>
  <testcase name="testSearchWithInterchangedDates" classname="tests.SearchHotelPageTest" time="1.731"/>
  <testcase name="testSearchWithEmptyRequiredFields" classname="tests.SearchHotelPageTest" time="0.454"/>
  <testcase name="testLinksOnSearchHotelPage" classname="tests.SearchHotelPageTest" time="5.886"/>
  <testcase name="testSelectHotelOptions" classname="tests.SelectHotelPageTest" time="29.105">
    <system-out><![CDATA[Testing radio button index: 0
Testing radio button index: 1
Testing radio button index: 2
Testing radio button index: 3
]]></system-out>
    <system-err><![CDATA[Starting ChromeDriver 131.0.6778.85 (3d81e41b6f3ac8bcae63b32e8145c9eb0cd60a2d-refs/branch-heads/6778@{#2285}) on port 28463
Only local connections are allowed.
Please see https://chromedriver.chromium.org/security-considerations for suggestions on keeping ChromeDriver safe.
ChromeDriver was started successfully on port 28463.
Nov 25, 2024 12:30:24 PM org.openqa.selenium.remote.ProtocolHandshake createSession
INFO: Detected dialect: W3C
]]></system-err>
  </testcase>
  <testcase name="testBookHotel[2.0, 2.0, 2.0, 2.222222222E9, Visa, December, 2026.0, 2.0, Fail](1)" classname="tests.BookHotelPageTest" time="1.346">
    <system-err><![CDATA[Starting ChromeDriver 131.0.6778.85 (3d81e41b6f3ac8bcae63b32e8145c9eb0cd60a2d-refs/branch-heads/6778@{#2285}) on port 3525
Only local connections are allowed.
Please see https://chromedriver.chromium.org/security-considerations for suggestions on keeping ChromeDriver safe.
ChromeDriver was started successfully on port 3525.
Nov 25, 2024 12:30:59 PM org.openqa.selenium.remote.ProtocolHandshake createSession
INFO: Detected dialect: W3C
]]></system-err>
  </testcase>
  <testcase name="testBookHotel[Arunkumar, T, Any address, 1.11111111111111E15, Master Card, August, 2028.0, 123.0, Pass](2)" classname="tests.BookHotelPageTest" time="1.262"/>
</testsuite>