<?xml version="1.0" encoding="UTF-8"?>
<testng-results ignored="0" total="15" passed="15" failed="0" skipped="0">
  <reporter-output>
  </reporter-output>
  <suite started-at="2024-11-25T12:29:20 IST" name="Capstone Suite" finished-at="2024-11-25T12:31:07 IST" duration-ms="106882">
    <groups>
    </groups>
    <test started-at="2024-11-25T12:29:20 IST" name="Capstone Tests" finished-at="2024-11-25T12:31:07 IST" duration-ms="106882">
      <class name="tests.HotelBookingTest">
        <test-method is-config="true" signature="setUp()[pri:0, instance:tests.HotelBookingTest@6e0dec4a]" started-at="2024-11-25T12:29:55 IST" name="setUp" finished-at="2024-11-25T12:29:59 IST" duration-ms="3464" status="PASS">
          <reporter-output>
          </reporter-output>
        </test-method> <!-- setUp -->
        <test-method signature="testHotelBookingWorkflow()[pri:0, instance:tests.HotelBookingTest@6e0dec4a]" started-at="2024-11-25T12:29:59 IST" name="testHotelBookingWorkflow" finished-at="2024-11-25T12:30:03 IST" duration-ms="4239" status="PASS">
          <reporter-output>
          </reporter-output>
        </test-method> <!-- testHotelBookingWorkflow -->
      </class> <!-- tests.HotelBookingTest -->
      <class name="tests.BookHotelPageTest">
        <test-method is-config="true" signature="setup()[pri:0, instance:tests.BookHotelPageTest@1ed1993a]" started-at="2024-11-25T12:30:58 IST" name="setup" finished-at="2024-11-25T12:31:05 IST" duration-ms="6304" status="PASS">
          <reporter-output>
          </reporter-output>
        </test-method> <!-- setup -->
        <test-method signature="testBookHotel(java.lang.String,java.lang.String,java.lang.String,java.lang.String,java.lang.String,java.lang.String,java.lang.String,java.lang.String,java.lang.String)[pri:0, instance:tests.BookHotelPageTest@1ed1993a]" started-at="2024-11-25T12:31:05 IST" name="testBookHotel" data-provider="bookingData" finished-at="2024-11-25T12:31:06 IST" duration-ms="1346" status="PASS">
          <params>
            <param index="0">
              <value>
                <![CDATA[2.0]]>
              </value>
            </param>
            <param index="1">
              <value>
                <![CDATA[2.0]]>
              </value>
            </param>
            <param index="2">
              <value>
                <![CDATA[2.0]]>
              </value>
            </param>
            <param index="3">
              <value>
                <![CDATA[2.222222222E9]]>
              </value>
            </param>
            <param index="4">
              <value>
                <![CDATA[Visa]]>
              </value>
            </param>
            <param index="5">
              <value>
                <![CDATA[December]]>
              </value>
            </param>
            <param index="6">
              <value>
                <![CDATA[2026.0]]>
              </value>
            </param>
            <param index="7">
              <value>
                <![CDATA[2.0]]>
              </value>
            </param>
            <param index="8">
              <value>
                <![CDATA[Fail]]>
              </value>
            </param>
          </params>
          <reporter-output>
          </reporter-output>
        </test-method> <!-- testBookHotel -->
        <test-method signature="testBookHotel(java.lang.String,java.lang.String,java.lang.String,java.lang.String,java.lang.String,java.lang.String,java.lang.String,java.lang.String,java.lang.String)[pri:0, instance:tests.BookHotelPageTest@1ed1993a]" started-at="2024-11-25T12:31:06 IST" name="testBookHotel" data-provider="bookingData" finished-at="2024-11-25T12:31:07 IST" duration-ms="1262" status="PASS">
          <params>
            <param index="0">
              <value>
                <![CDATA[Arunkumar]]>
              </value>
            </param>
            <param index="1">
              <value>
                <![CDATA[T]]>
              </value>
            </param>
            <param index="2">
              <value>
                <![CDATA[Any address]]>
              </value>
            </param>
            <param index="3">
              <value>
                <![CDATA[1.11111111111111E15]]>
              </value>
            </param>
            <param index="4">
              <value>
                <![CDATA[Master Card]]>
              </value>
            </param>
            <param index="5">
              <value>
                <![CDATA[August]]>
              </value>
            </param>
            <param index="6">
              <value>
                <![CDATA[2028.0]]>
              </value>
            </param>
            <param index="7">
              <value>
                <![CDATA[123.0]]>
              </value>
            </param>
            <param index="8">
              <value>
                <![CDATA[Pass]]>
              </value>
            </param>
          </params>
          <reporter-output>
          </reporter-output>
        </test-method> <!-- testBookHotel -->
      </class> <!-- tests.BookHotelPageTest -->
      <class name="tests.SelectHotelPageTest">
        <test-method is-config="true" signature="setup()[pri:0, instance:tests.SelectHotelPageTest@5ccddd20]" started-at="2024-11-25T12:30:23 IST" name="setup" finished-at="2024-11-25T12:30:29 IST" duration-ms="6432" status="PASS">
          <reporter-output>
          </reporter-output>
        </test-method> <!-- setup -->
        <test-method signature="testSelectHotelOptions()[pri:1, instance:tests.SelectHotelPageTest@5ccddd20]" started-at="2024-11-25T12:30:29 IST" name="testSelectHotelOptions" finished-at="2024-11-25T12:30:58 IST" duration-ms="29106" status="PASS">
          <reporter-output>
          </reporter-output>
        </test-method> <!-- testSelectHotelOptions -->
        <test-method is-config="true" signature="teardown()[pri:0, instance:tests.SelectHotelPageTest@5ccddd20]" started-at="2024-11-25T12:30:58 IST" name="teardown" finished-at="2024-11-25T12:30:58 IST" duration-ms="171" status="PASS">
          <reporter-output>
          </reporter-output>
        </test-method> <!-- teardown -->
      </class> <!-- tests.SelectHotelPageTest -->
      <class name="tests.SearchHotelPageTest">
        <test-method is-config="true" signature="setup()[pri:0, instance:tests.SearchHotelPageTest@96def03]" started-at="2024-11-25T12:30:03 IST" name="setup" finished-at="2024-11-25T12:30:11 IST" duration-ms="8069" status="PASS">
          <reporter-output>
          </reporter-output>
        </test-method> <!-- setup -->
        <test-method signature="testSearchWithProperData()[pri:1, instance:tests.SearchHotelPageTest@96def03]" started-at="2024-11-25T12:30:11 IST" name="testSearchWithProperData" finished-at="2024-11-25T12:30:13 IST" duration-ms="2089" status="PASS">
          <reporter-output>
          </reporter-output>
        </test-method> <!-- testSearchWithProperData -->
        <test-method signature="testSearchWithRequiredFieldsOnly()[pri:2, instance:tests.SearchHotelPageTest@96def03]" started-at="2024-11-25T12:30:13 IST" name="testSearchWithRequiredFieldsOnly" finished-at="2024-11-25T12:30:14 IST" duration-ms="1353" status="PASS">
          <reporter-output>
          </reporter-output>
        </test-method> <!-- testSearchWithRequiredFieldsOnly -->
        <test-method signature="testSearchWithInterchangedDates()[pri:3, instance:tests.SearchHotelPageTest@96def03]" started-at="2024-11-25T12:30:14 IST" name="testSearchWithInterchangedDates" finished-at="2024-11-25T12:30:16 IST" duration-ms="1732" status="PASS">
          <reporter-output>
          </reporter-output>
        </test-method> <!-- testSearchWithInterchangedDates -->
        <test-method signature="testSearchWithEmptyRequiredFields()[pri:4, instance:tests.SearchHotelPageTest@96def03]" started-at="2024-11-25T12:30:16 IST" name="testSearchWithEmptyRequiredFields" finished-at="2024-11-25T12:30:17 IST" duration-ms="451" status="PASS">
          <reporter-output>
          </reporter-output>
        </test-method> <!-- testSearchWithEmptyRequiredFields -->
        <test-method signature="testLinksOnSearchHotelPage()[pri:5, instance:tests.SearchHotelPageTest@96def03]" started-at="2024-11-25T12:30:17 IST" name="testLinksOnSearchHotelPage" finished-at="2024-11-25T12:30:22 IST" duration-ms="5886" status="PASS">
          <reporter-output>
          </reporter-output>
        </test-method> <!-- testLinksOnSearchHotelPage -->
        <test-method is-config="true" signature="teardown()[pri:0, instance:tests.SearchHotelPageTest@96def03]" started-at="2024-11-25T12:30:22 IST" name="teardown" finished-at="2024-11-25T12:30:23 IST" duration-ms="129" status="PASS">
          <reporter-output>
          </reporter-output>
        </test-method> <!-- teardown -->
      </class> <!-- tests.SearchHotelPageTest -->
      <class name="tests.LoginPageTest">
        <test-method is-config="true" signature="setup()[pri:0, instance:tests.LoginPageTest@4313f5bc]" started-at="2024-11-25T12:29:20 IST" name="setup" finished-at="2024-11-25T12:29:28 IST" duration-ms="7984" status="PASS">
          <reporter-output>
          </reporter-output>
        </test-method> <!-- setup -->
        <test-method signature="testLogin(java.lang.String,java.lang.String)[pri:1, instance:tests.LoginPageTest@4313f5bc]" started-at="2024-11-25T12:29:31 IST" name="testLogin" data-provider="loginData" finished-at="2024-11-25T12:29:33 IST" duration-ms="1838" status="PASS">
          <params>
            <param index="0">
              <value>
                <![CDATA[arunkumart315615]]>
              </value>
            </param>
            <param index="1">
              <value>
                <![CDATA[Arun@2000]]>
              </value>
            </param>
          </params>
          <reporter-output>
          </reporter-output>
        </test-method> <!-- testLogin -->
        <test-method signature="testLogin(java.lang.String,java.lang.String)[pri:1, instance:tests.LoginPageTest@4313f5bc]" started-at="2024-11-25T12:29:33 IST" name="testLogin" data-provider="loginData" finished-at="2024-11-25T12:29:40 IST" duration-ms="6911" status="PASS">
          <params>
            <param index="0">
              <value>
                <![CDATA[Arun315615]]>
              </value>
            </param>
            <param index="1">
              <value>
                <![CDATA[Arun@2000]]>
              </value>
            </param>
          </params>
          <reporter-output>
          </reporter-output>
        </test-method> <!-- testLogin -->
        <test-method signature="testLogin(java.lang.String,java.lang.String)[pri:1, instance:tests.LoginPageTest@4313f5bc]" started-at="2024-11-25T12:29:40 IST" name="testLogin" data-provider="loginData" finished-at="2024-11-25T12:29:46 IST" duration-ms="6534" status="PASS">
          <params>
            <param index="0">
              <value>
                <![CDATA[arunkumart315615]]>
              </value>
            </param>
            <param index="1">
              <value>
                <![CDATA[Arun@2010]]>
              </value>
            </param>
          </params>
          <reporter-output>
          </reporter-output>
        </test-method> <!-- testLogin -->
        <test-method signature="testLogin(java.lang.String,java.lang.String)[pri:1, instance:tests.LoginPageTest@4313f5bc]" started-at="2024-11-25T12:29:46 IST" name="testLogin" data-provider="loginData" finished-at="2024-11-25T12:29:53 IST" duration-ms="6781" status="PASS">
          <params>
            <param index="0">
              <value>
                <![CDATA[Arun315615]]>
              </value>
            </param>
            <param index="1">
              <value>
                <![CDATA[Arun@2010]]>
              </value>
            </param>
          </params>
          <reporter-output>
          </reporter-output>
        </test-method> <!-- testLogin -->
        <test-method signature="testForgotPassword()[pri:2, instance:tests.LoginPageTest@4313f5bc]" started-at="2024-11-25T12:29:53 IST" name="testForgotPassword" finished-at="2024-11-25T12:29:54 IST" duration-ms="1175" status="PASS">
          <reporter-output>
          </reporter-output>
        </test-method> <!-- testForgotPassword -->
        <test-method signature="testNavigateToRegisterPage()[pri:3, instance:tests.LoginPageTest@4313f5bc]" started-at="2024-11-25T12:29:54 IST" name="testNavigateToRegisterPage" finished-at="2024-11-25T12:29:55 IST" duration-ms="870" status="PASS">
          <reporter-output>
          </reporter-output>
        </test-method> <!-- testNavigateToRegisterPage -->
        <test-method is-config="true" signature="teardown()[pri:0, instance:tests.LoginPageTest@4313f5bc]" started-at="2024-11-25T12:29:55 IST" name="teardown" finished-at="2024-11-25T12:29:55 IST" duration-ms="288" status="PASS">
          <reporter-output>
          </reporter-output>
        </test-method> <!-- teardown -->
      </class> <!-- tests.LoginPageTest -->
    </test> <!-- Capstone Tests -->
  </suite> <!-- Capstone Suite -->
</testng-results>
