<?xml version="1.0" encoding="UTF-8"?>
<testng-results ignored="0" total="2" passed="2" failed="0" skipped="0">
  <reporter-output>
  </reporter-output>
  <suite started-at="2024-11-24T14:12:41 IST" name="Default suite" finished-at="2024-11-24T14:12:52 IST" duration-ms="11380">
    <groups>
    </groups>
    <test started-at="2024-11-24T14:12:41 IST" name="Default test" finished-at="2024-11-24T14:12:52 IST" duration-ms="11380">
      <class name="tests.BookHotelPageTest">
        <test-method is-config="true" signature="setup()[pri:0, instance:tests.BookHotelPageTest@4fb61f4a]" started-at="2024-11-24T14:12:41 IST" name="setup" finished-at="2024-11-24T14:12:49 IST" duration-ms="8537" status="PASS">
          <reporter-output>
          </reporter-output>
        </test-method> <!-- setup -->
        <test-method signature="testBookHotel(java.lang.String,java.lang.String,java.lang.String,java.lang.String,java.lang.String,java.lang.String,java.lang.String,java.lang.String,java.lang.String)[pri:0, instance:tests.BookHotelPageTest@4fb61f4a]" started-at="2024-11-24T14:12:49 IST" name="testBookHotel" data-provider="bookingData" finished-at="2024-11-24T14:12:51 IST" duration-ms="1394" status="PASS">
          <params>
            <param index="0">
              <value>
                <![CDATA[2.0]]>
              </value>
            </param>
            <param index="1">
              <value>
                <![CDATA[2.0]]>
              </value>
            </param>
            <param index="2">
              <value>
                <![CDATA[2.0]]>
              </value>
            </param>
            <param index="3">
              <value>
                <![CDATA[2.222222222E9]]>
              </value>
            </param>
            <param index="4">
              <value>
                <![CDATA[Visa]]>
              </value>
            </param>
            <param index="5">
              <value>
                <![CDATA[December]]>
              </value>
            </param>
            <param index="6">
              <value>
                <![CDATA[2026.0]]>
              </value>
            </param>
            <param index="7">
              <value>
                <![CDATA[2.0]]>
              </value>
            </param>
            <param index="8">
              <value>
                <![CDATA[Fail]]>
              </value>
            </param>
          </params>
          <reporter-output>
          </reporter-output>
        </test-method> <!-- testBookHotel -->
        <test-method signature="testBookHotel(java.lang.String,java.lang.String,java.lang.String,java.lang.String,java.lang.String,java.lang.String,java.lang.String,java.lang.String,java.lang.String)[pri:0, instance:tests.BookHotelPageTest@4fb61f4a]" started-at="2024-11-24T14:12:51 IST" name="testBookHotel" data-provider="bookingData" finished-at="2024-11-24T14:12:52 IST" duration-ms="1299" status="PASS">
          <params>
            <param index="0">
              <value>
                <![CDATA[Arunkumar]]>
              </value>
            </param>
            <param index="1">
              <value>
                <![CDATA[T]]>
              </value>
            </param>
            <param index="2">
              <value>
                <![CDATA[Any address]]>
              </value>
            </param>
            <param index="3">
              <value>
                <![CDATA[1.11111111111111E15]]>
              </value>
            </param>
            <param index="4">
              <value>
                <![CDATA[Master Card]]>
              </value>
            </param>
            <param index="5">
              <value>
                <![CDATA[August]]>
              </value>
            </param>
            <param index="6">
              <value>
                <![CDATA[2028.0]]>
              </value>
            </param>
            <param index="7">
              <value>
                <![CDATA[123.0]]>
              </value>
            </param>
            <param index="8">
              <value>
                <![CDATA[Pass]]>
              </value>
            </param>
          </params>
          <reporter-output>
          </reporter-output>
        </test-method> <!-- testBookHotel -->
      </class> <!-- tests.BookHotelPageTest -->
    </test> <!-- Default test -->
  </suite> <!-- Default suite -->
</testng-results>
